A_vertical_9_16_smartphone_frame_202606111812	d09a3c29-19ee-41fd-bbb6-f94458722ff2
A_vertical_9_16_smartphone_photo_202606111810	585fcedc-7ba4-44c3-bbd8-8479de872f63
A_vertical_smartphone_image_capturing_202606111811	b4ef2fff-9e15-483c-984b-737507be6d20
A_vertical_smartphone_photo_capturing_202606110154	47d1d200-2b75-491a-aee8-7f140826efb5
A_vertical_smartphone_photo_looking_202606111811	8e360f32-5d2f-4b15-928f-fae620222caa
A_vertical_smartphone_photo_showing_202606111812	eba00816-751d-4415-bd54-49de30d53863
An_iPhone_photo_capturing_a_202606111813	fd3ddb84-ed03-4f10-b1f8-91ddb2b9c704
An_iPhone_photo_from_a_202606110158	b7b16c6d-e76b-4eea-a61a-88db4ff85eb5
An_iPhone_photo_from_a_202606111812	078bb921-5b56-4b02-939f-12b8e1e0c5c3
An_iPhone_photo_from_behind_202606111811	e2787c66-379b-40df-a8ad-6b2193b15c1e
High-angle_drone-style_POV_looking_straight_202606110151	f970f76d-798b-48bf-ba86-6ebe2f67ad7a
POV_shot_from_a_missile_202606111808	5c331e6e-4148-4416-8540-b224760497eb
Extreme_macro_shot_on_iPhone_202606121004	168c3915-438d-4f49-ac68-a64a783ec6a9
Extreme_macro_shot_on_iPhone_202606121004-3	89c0c103-0909-4d47-9f43-b73d7d53b7c0
Extreme_macro_shot_on_iPhone_202606120148-4	6995b42e-1511-4892-af20-a75c49a9b2fc
POV_shot_from_the_flat_202606120146	e3ff12e4-152d-44f8-a13b-f42c4970edc5
Extreme_macro_shot_on_iPhone_202606120148-8	a8f65250-35f2-48cd-91ec-84609140e12b
POV_shot_from_the_bright_202606120157	887a1534-0834-4468-8827-69656f5ac7de
Extreme_macro_shot_on_iPhone_202606120210-2	2d4b38a7-5317-462e-9e8b-2fad30703b93
Extreme_macro_shot_on_iPhone_202606120147-6	f45f3a8b-cb23-4d30-821a-e98b03eaff6b
A_close-up_shot_on_iPhone_202606100036	7b0f868b-ddb7-4dbe-a0ac-c9284463ab2e
A_close-up_shot_on_iPhone_202606110158	06aaeaa7-043d-41b7-894e-7c1563101ab4
A_close-up_shot_on_iPhone_202606111810-2	fb48b079-8774-4ef2-9894-92b2a1da713c
A_close-up_shot_on_iPhone_202606111811-6	87c85131-efac-42a3-ac43-3e726556ac4e
A_close-up_shot_on_iPhone_202606111812-2	d28155be-0c70-4fcb-9400-de468cf8c0e0
A_close-up_shot_on_iPhone_202606111813-2	312f6aff-ba98-42d9-85eb-e38a769e5910
A_close-up_shot_on_iPhone_202606111813	07654e8e-cce1-446e-9d9c-0d1fc2f89d1a
A_horizontal_smartphone_camera_still_202606100034	55fbbfaf-2b82-4f79-94dd-3fa001f13e73
A_horizontal_smartphone_camera_still_202606110154	4b0a2300-ef74-4674-810a-202ce00c62f9
A_horizontal_smartphone_camera_still_202606111812	302c3695-8242-4c2a-86ee-8706aacd8b63
A_horizontal_smartphone_still_of_202606110158	963ecc20-c20d-4c8a-910d-bf32fca6da66
A_horizontal_smartphone_still_of_202606111811	bef4151c-c8a5-45bf-9e5d-632f1b0b658c
A_horizontal_smartphone_still_showing_202606110154	bc1ce22b-af69-4306-b5c0-9895cd1e4f62
POV_shot_from_the_bottom_202606120147	541c9210-ab05-44a4-a3d1-b5e3466942c3
Side-perspective_tracking_shot_of_a_202606120146	f3ff5a6c-c393-40ee-ae76-c1b102e98feb
Side-perspective_tracking_shot_of_a_202606120147	15635015-69da-4298-847b-9dca1d83abe4
POV_shot_from_the_muzzle_202606120147	209da803-1258-4f83-88d3-f9d6cfc50415
Extreme_macro_shot_on_iPhone_202606120147-7	7a6d9327-e6b3-4a13-9fd9-537bdcce228c
Extreme_macro_shot_on_iPhone_202606120147-4	86650bec-7bb4-48d0-b096-e0de4fb6162f
POV_shot_from_the_padded_202606120157	dd2e5618-b5b2-424a-852b-525503988a1a
Extreme_macro_shot_on_iPhone_202606120147-8	2fcd2f94-0bf3-4ec0-8773-3e4bfba7e66a
Extreme_macro_shot_on_iPhone_202606120132-3	07d04d8d-79d3-416f-89fb-a96c491d2992
Extreme_macro_shot_on_iPhone_202606120147-5	235b5e58-a962-46e1-b858-babfaafb5d74
Extreme_macro_shot_on_iPhone_202606120132-2	83dc3cd9-c1ac-4fc2-9805-2570aa2ab7b6
Extreme_macro_POV_from_the_202606120147	b1f15561-7a09-4bfe-8580-d5f85c46a53e
Extreme_macro_shot_on_iPhone_202606120147-2	f35bc637-bc95-462f-b778-08049a0a978c
Extreme_macro_shot_on_iPhone_202606120148-7	fa626969-cd01-4571-93e8-f43124e9caa5
Extreme_macro_shot_on_iPhone_202606120148-6	a13b65f8-af2b-41cd-a72a-829d13cb21b5
Extreme_macro_shot_on_iPhone_202606120147-3	99281ddb-eba8-44e4-ae73-7dab64726495
Extreme_macro_shot_on_iPhone_202606120132	82523925-e42d-4d2c-8774-7c16bd80e987
An_iPhone_photo_showing_a_202606111811	7811b87f-4cf7-4071-a038-b2cacfc37260
An_iPhone_photo_looking_out_202606111811	9b4fef79-e972-4586-95f6-e3a63a646bf3
POV_shot_from_the_very_202606111754	7bb61a60-90f2-44af-be77-bfec441c183e
Shiri Mesika	dee1048a-e1dc-4c00-95c7-29c8ba8632de
Naomi Weiser	a58ae824-18ad-49a1-8197-8315e23ea7e5
An_iPhone_photo_tracking_a_202606111813	cb4e1cd4-6571-49a2-a4ae-fffc0d71ea42
Orly Gilboa	91df1981-fda7-467d-b67b-d39a102ad4f0
Varda Morell	f9d078a9-b521-43ff-b4ad-328bd38148f3
Yitzchak Mizrahi	d2498ed8-ffd4-4541-a0bd-fa7b6ce99bbe
Hila Mizrahi	66c21aa8-cc70-4d53-ba90-6e3afbb4fb7a
Jen Airley	4dc55474-adbb-4e21-9af9-c437ffbb746d
POV_shot_from_the_heavy_202606111754	d2b8cfaf-581c-4ddf-884e-f0039fd455f4
An_iPhone_photo_tracking_a_202606111811	42c6128c-ae1d-45cb-b5fb-e6ef8c35b24e
An_iPhone_photo_looking_down_202606111811	f88d580d-309a-4a52-ab9c-ce0170b20756
POV_shot_from_the_metal_202606111750	b6455392-13f6-4a78-8a12-a4617418d391
An_iPhone_photo_looking_down_202606111811-2	0ddb11b3-82d3-47af-a4a3-7b05e059a432
POV_shot_from_the_nose_202606111808	f9e4e158-a976-41bc-ae16-498e8c36599c
POV_shot_from_the_surface_202606111750-2	e5528ad3-a82f-41d5-93f3-063eeb086698
POV_shot_from_the_metal_202606111808	8b0031ca-9cf4-4b37-bc07-8f5bf6de2c99
Apply_a_translucent_2D_tactical_202606110321-2	1d338f8e-ae70-4673-a56e-6d539e900650
POV_shot_from_the_nose_202606110151-2	5f77cfc9-fdd5-4e0d-a3c3-c3a48ac5c201
POV_shot_through_a_military_202606110153	27b018ac-26e6-4965-b544-e26dd21a96f8
POV_shot_from_the_tip_202606110151	e6921230-d292-4f81-8a0c-95cc194f9924
POV_shot_from_the_perspective_202606110153	da4fd303-c874-49a6-9239-a4f066431edb
POV_shot_from_the_corner_202606110152	7a455e7c-17d1-4550-b391-2a8e54d11d77
POV_shot_from_a_side-mounted_202606110150	715606de-ecfa-40a3-9ee2-bdb30d4ba83f
Apply_a_translucent_2D_tactical_202606110321	09b2e396-2198-48d0-b4f3-2fe4a5c9ad08
POV_shot_from_the_bottom_202606110152-2	ef764cf8-1477-4ff7-9840-feb5b1518b38
POV_shot_from_the_perspective_202606110153-2	32f91cce-5a49-4966-92c4-bd22bab273e3
POV_shot_from_a_missile_202606110151	79e1a0b6-b14a-424e-9cf6-b4ad924333ae
Final_POV_shot_from_a_202606110150	49fea2ff-db20-4dbc-bea6-0aa4cb050a0d
POV_shot_from_a_missiles_202606110152	322f0d79-e4c2-4e8c-b16e-6a3b9b372825
POV_shot_from_the_tip_202606110152	27c272ff-ebf6-4ed0-a3f9-3b7ed3d261f3
